   1              		.file	"fb_dummy.c"
   9              	.Ltext0:
  10              		.global	framebuffer
  11              		.data
  12              		.align	2
  15              	framebuffer:
  16 0000 00000000 		.word	fb_dummy_framebuffer
  17              		.global	fb_dummy_framebuffer
  18              		.align	2
  21              	fb_dummy_framebuffer:
  22 0004 64756D6D 		.ascii	"dummyfb\000"
  22      79666200 
  23 000c 00000000 		.word	fb_dummy_init
  24 0010 00000000 		.word	fb_dummy_clear
  25 0014 00000000 		.word	fb_dummy_boxto
  26 0018 00000000 		.word	fb_dummy_lineto
  27 001c 00000000 		.word	fb_dummy_putstr
  28 0020 00000000 		.word	fb_dummy_flush
  29 0024 8000     		.short	128
  30 0026 4000     		.short	64
  31 0028 00000000 		.space	16
  31      00000000 
  31      00000000 
  31      00000000 
  32              		.section	.text.fb_dummy_init,"ax",%progbits
  33              		.align	2
  35              	fb_dummy_init:
  36              	.LFB14:
  37              		.file 1 "fb/fb_dummy.c"
   1:fb/fb_dummy.c **** /*
   2:fb/fb_dummy.c ****     "hardware" driver for a dummy framebuffer. Used when no
   3:fb/fb_dummy.c ****     display hardware is supported
   4:fb/fb_dummy.c ****  */
   5:fb/fb_dummy.c **** 
   6:fb/fb_dummy.c **** /* (C) 2010 by Christian Vogel <vogelchr@vogel.cx>
   7:fb/fb_dummy.c ****  *
   8:fb/fb_dummy.c ****  * All Rights Reserved
   9:fb/fb_dummy.c ****  *
  10:fb/fb_dummy.c ****  * This program is free software; you can redistribute it and/or modify
  11:fb/fb_dummy.c ****  * it under the terms of the GNU General Public License as published by
  12:fb/fb_dummy.c ****  * the Free Software Foundation; either version 2 of the License, or
  13:fb/fb_dummy.c ****  * (at your option) any later version.
  14:fb/fb_dummy.c ****  *
  15:fb/fb_dummy.c ****  * This program is distributed in the hope that it will be useful,
  16:fb/fb_dummy.c ****  * but WITHOUT ANY WARRANTY; without even the implied warranty of
  17:fb/fb_dummy.c ****  * MERCHANTABILITY or FITNESS FOR A PARTICULAR PURPOSE.  See the
  18:fb/fb_dummy.c ****  * GNU General Public License for more details.
  19:fb/fb_dummy.c ****  *
  20:fb/fb_dummy.c ****  * You should have received a copy of the GNU General Public License along
  21:fb/fb_dummy.c ****  * with this program; if not, write to the Free Software Foundation, Inc.,
  22:fb/fb_dummy.c ****  * 51 Franklin Street, Fifth Floor, Boston, MA 02110-1301 USA.
  23:fb/fb_dummy.c ****  *
  24:fb/fb_dummy.c ****  */
  25:fb/fb_dummy.c **** 
  26:fb/fb_dummy.c **** #include <fb/framebuffer.h>
  27:fb/fb_dummy.c **** #include <defines.h>
  28:fb/fb_dummy.c **** 
  29:fb/fb_dummy.c **** static void
  30:fb/fb_dummy.c **** fb_dummy_init(){
  38              		.loc 1 30 0
  39              		@ args = 0, pretend = 0, frame = 0
  40              		@ frame_needed = 0, uses_anonymous_args = 0
  41              		@ link register save eliminated.
  42              	.LVL0:
  43              		@ lr needed for prologue
  31:fb/fb_dummy.c **** }
  44              		.loc 1 31 0
  45 0000 1EFF2FE1 		bx	lr
  46              	.LFE14:
  48              		.section	.text.fb_dummy_clear,"ax",%progbits
  49              		.align	2
  51              	fb_dummy_clear:
  52              	.LFB15:
  32:fb/fb_dummy.c **** 
  33:fb/fb_dummy.c **** static void
  34:fb/fb_dummy.c **** fb_dummy_clear(){
  53              		.loc 1 34 0
  54              		@ args = 0, pretend = 0, frame = 0
  55              		@ frame_needed = 0, uses_anonymous_args = 0
  56              		@ link register save eliminated.
  57              	.LVL1:
  58              		@ lr needed for prologue
  35:fb/fb_dummy.c **** }
  59              		.loc 1 35 0
  60 0000 1EFF2FE1 		bx	lr
  61              	.LFE15:
  63              		.section	.text.fb_dummy_boxto,"ax",%progbits
  64              		.align	2
  66              	fb_dummy_boxto:
  67              	.LFB16:
  36:fb/fb_dummy.c **** 
  37:fb/fb_dummy.c **** static void
  38:fb/fb_dummy.c **** fb_dummy_boxto(uint16_t x,uint16_t y){
  68              		.loc 1 38 0
  69              		@ args = 0, pretend = 0, frame = 0
  70              		@ frame_needed = 0, uses_anonymous_args = 0
  71              		@ link register save eliminated.
  72              	.LVL2:
  39:fb/fb_dummy.c **** 	framebuffer->cursor_x = x;
  73              		.loc 1 39 0
  74 0000 0C309FE5 		ldr	r3, .L7
  75 0004 003093E5 		ldr	r3, [r3, #0]
  76              		.loc 1 38 0
  77              		@ lr needed for prologue
  40:fb/fb_dummy.c **** 	framebuffer->cursor_y = y;
  78              		.loc 1 40 0
  79 0008 B612C3E1 		strh	r1, [r3, #38]	@ movhi
  80              		.loc 1 39 0
  81 000c B402C3E1 		strh	r0, [r3, #36]	@ movhi
  41:fb/fb_dummy.c **** }
  82              		.loc 1 41 0
  83 0010 1EFF2FE1 		bx	lr
  84              	.L8:
  85              		.align	2
  86              	.L7:
  87 0014 00000000 		.word	framebuffer
  88              	.LFE16:
  90              		.section	.text.fb_dummy_lineto,"ax",%progbits
  91              		.align	2
  93              	fb_dummy_lineto:
  94              	.LFB17:
  42:fb/fb_dummy.c **** 
  43:fb/fb_dummy.c **** static void
  44:fb/fb_dummy.c **** fb_dummy_lineto(uint16_t x,uint16_t y){
  95              		.loc 1 44 0
  96              		@ args = 0, pretend = 0, frame = 0
  97              		@ frame_needed = 0, uses_anonymous_args = 0
  98              		@ link register save eliminated.
  99              	.LVL3:
  45:fb/fb_dummy.c **** 	framebuffer->cursor_x = x;
 100              		.loc 1 45 0
 101 0000 0C309FE5 		ldr	r3, .L11
 102 0004 003093E5 		ldr	r3, [r3, #0]
 103              		.loc 1 44 0
 104              		@ lr needed for prologue
  46:fb/fb_dummy.c **** 	framebuffer->cursor_y = y;
 105              		.loc 1 46 0
 106 0008 B612C3E1 		strh	r1, [r3, #38]	@ movhi
 107              		.loc 1 45 0
 108 000c B402C3E1 		strh	r0, [r3, #36]	@ movhi
  47:fb/fb_dummy.c **** }
 109              		.loc 1 47 0
 110 0010 1EFF2FE1 		bx	lr
 111              	.L12:
 112              		.align	2
 113              	.L11:
 114 0014 00000000 		.word	framebuffer
 115              	.LFE17:
 117              		.section	.text.fb_dummy_putstr,"ax",%progbits
 118              		.align	2
 120              	fb_dummy_putstr:
 121              	.LFB18:
  48:fb/fb_dummy.c **** 
  49:fb/fb_dummy.c **** static int
  50:fb/fb_dummy.c **** fb_dummy_putstr(__unused char *c, __unused int maxwidth){
 122              		.loc 1 50 0
 123              		@ args = 0, pretend = 0, frame = 0
 124              		@ frame_needed = 0, uses_anonymous_args = 0
 125              		@ link register save eliminated.
 126              	.LVL4:
  51:fb/fb_dummy.c **** 	return 0;
  52:fb/fb_dummy.c **** }
 127              		.loc 1 52 0
 128 0000 0000A0E3 		mov	r0, #0
 129              	.LVL5:
 130              		.loc 1 50 0
 131              		@ lr needed for prologue
 132              		.loc 1 52 0
 133 0004 1EFF2FE1 		bx	lr
 134              	.LFE18:
 136              		.section	.text.fb_dummy_flush,"ax",%progbits
 137              		.align	2
 139              	fb_dummy_flush:
 140              	.LFB19:
  53:fb/fb_dummy.c **** 
  54:fb/fb_dummy.c **** static void
  55:fb/fb_dummy.c **** fb_dummy_flush(){
 141              		.loc 1 55 0
 142              		@ args = 0, pretend = 0, frame = 0
 143              		@ frame_needed = 0, uses_anonymous_args = 0
 144              		@ link register save eliminated.
 145              	.LVL6:
 146              		@ lr needed for prologue
  56:fb/fb_dummy.c **** }
 147              		.loc 1 56 0
 148 0000 1EFF2FE1 		bx	lr
 149              	.LFE19:
 218              	.Letext0:
DEFINED SYMBOLS
                            *ABS*:0000000000000000 fb_dummy.c
     /tmp/ccXHXWn6.s:15     .data:0000000000000000 framebuffer
     /tmp/ccXHXWn6.s:16     .data:0000000000000000 $d
     /tmp/ccXHXWn6.s:21     .data:0000000000000004 fb_dummy_framebuffer
     /tmp/ccXHXWn6.s:35     .text.fb_dummy_init:0000000000000000 fb_dummy_init
     /tmp/ccXHXWn6.s:51     .text.fb_dummy_clear:0000000000000000 fb_dummy_clear
     /tmp/ccXHXWn6.s:66     .text.fb_dummy_boxto:0000000000000000 fb_dummy_boxto
     /tmp/ccXHXWn6.s:93     .text.fb_dummy_lineto:0000000000000000 fb_dummy_lineto
     /tmp/ccXHXWn6.s:120    .text.fb_dummy_putstr:0000000000000000 fb_dummy_putstr
     /tmp/ccXHXWn6.s:139    .text.fb_dummy_flush:0000000000000000 fb_dummy_flush
     /tmp/ccXHXWn6.s:45     .text.fb_dummy_init:0000000000000000 $a
     /tmp/ccXHXWn6.s:60     .text.fb_dummy_clear:0000000000000000 $a
     /tmp/ccXHXWn6.s:74     .text.fb_dummy_boxto:0000000000000000 $a
     /tmp/ccXHXWn6.s:87     .text.fb_dummy_boxto:0000000000000014 $d
     /tmp/ccXHXWn6.s:101    .text.fb_dummy_lineto:0000000000000000 $a
     /tmp/ccXHXWn6.s:114    .text.fb_dummy_lineto:0000000000000014 $d
     /tmp/ccXHXWn6.s:128    .text.fb_dummy_putstr:0000000000000000 $a
     /tmp/ccXHXWn6.s:148    .text.fb_dummy_flush:0000000000000000 $a

NO UNDEFINED SYMBOLS
