   1              		.file	"fb_ssd1783.c"
   9              	.Ltext0:
  10              		.global	fb_rgb332
  11              		.data
  12              		.align	2
  15              	fb_rgb332:
  16 0000 04000000 		.word	fb_ssd1783_rgb332
  17              		.align	2
  20              	fb_ssd1783_rgb332:
  21 0004 00000000 		.word	fb_ssd1783_mem
  22 0008 00000000 		.space	8
  22      00000000 
  23              		.global	framebuffer
  24              		.align	2
  27              	framebuffer:
  28 0010 14000000 		.word	fb_ssd1783_framebuffer
  29              		.align	2
  32              	fb_ssd1783_framebuffer:
  33 0014 73736431 		.ascii	"ssd1783\000"
  33      37383300 
  34 001c 00000000 		.word	fb_ssd1783_init
  35 0020 00000000 		.word	fb_rgb332_clear
  36 0024 00000000 		.word	fb_rgb332_boxto
  37 0028 00000000 		.word	fb_rgb332_lineto
  38 002c 00000000 		.word	fb_rgb332_putstr
  39 0030 00000000 		.word	fb_ssd1783_flush
  40 0034 6200     		.short	98
  41 0036 4300     		.short	67
  42 0038 00000000 		.space	16
  42      00000000 
  42      00000000 
  42      00000000 
  43              		.section	.rodata
  46              	ssd1783_initdata:
  47 0000 00       		.byte	0
  48 0001 D1       		.byte	-47
  49 0002 00       		.byte	0
  50 0003 94       		.byte	-108
  51 0004 00       		.byte	0
  52 0005 BB       		.byte	-69
  53 0006 01       		.byte	1
  54 0007 01       		.byte	1
  55 0008 00       		.byte	0
  56 0009 BC       		.byte	-68
  57 000a 01       		.byte	1
  58 000b 00       		.byte	0
  59 000c 01       		.byte	1
  60 000d 00       		.byte	0
  61 000e 01       		.byte	1
  62 000f 01       		.byte	1
  63 0010 00       		.byte	0
  64 0011 CE       		.byte	-50
  65 0012 01       		.byte	1
  66 0013 00       		.byte	0
  67 0014 01       		.byte	1
  68 0015 03       		.byte	3
  69 0016 01       		.byte	1
  70 0017 05       		.byte	5
  71 0018 01       		.byte	1
  72 0019 07       		.byte	7
  73 001a 01       		.byte	1
  74 001b 09       		.byte	9
  75 001c 01       		.byte	1
  76 001d 0B       		.byte	11
  77 001e 01       		.byte	1
  78 001f 0D       		.byte	13
  79 0020 01       		.byte	1
  80 0021 0F       		.byte	15
  81 0022 01       		.byte	1
  82 0023 00       		.byte	0
  83 0024 01       		.byte	1
  84 0025 03       		.byte	3
  85 0026 01       		.byte	1
  86 0027 05       		.byte	5
  87 0028 01       		.byte	1
  88 0029 07       		.byte	7
  89 002a 01       		.byte	1
  90 002b 09       		.byte	9
  91 002c 01       		.byte	1
  92 002d 0B       		.byte	11
  93 002e 01       		.byte	1
  94 002f 0D       		.byte	13
  95 0030 01       		.byte	1
  96 0031 0F       		.byte	15
  97 0032 01       		.byte	1
  98 0033 00       		.byte	0
  99 0034 01       		.byte	1
 100 0035 05       		.byte	5
 101 0036 01       		.byte	1
 102 0037 0A       		.byte	10
 103 0038 01       		.byte	1
 104 0039 0F       		.byte	15
 105 003a 00       		.byte	0
 106 003b CA       		.byte	-54
 107 003c 01       		.byte	1
 108 003d FF       		.byte	-1
 109 003e 01       		.byte	1
 110 003f 10       		.byte	16
 111 0040 01       		.byte	1
 112 0041 01       		.byte	1
 113 0042 00       		.byte	0
 114 0043 AB       		.byte	-85
 115 0044 01       		.byte	1
 116 0045 00       		.byte	0
 117 0046 00       		.byte	0
 118 0047 20       		.byte	32
 119 0048 01       		.byte	1
 120 0049 0B       		.byte	11
 121 004a 00       		.byte	0
 122 004b 81       		.byte	-127
 123 004c 01       		.byte	1
 124 004d 29       		.byte	41
 125 004e 01       		.byte	1
 126 004f 05       		.byte	5
 127 0050 00       		.byte	0
 128 0051 A7       		.byte	-89
 129 0052 00       		.byte	0
 130 0053 82       		.byte	-126
 131 0054 01       		.byte	1
 132 0055 00       		.byte	0
 133 0056 00       		.byte	0
 134 0057 FB       		.byte	-5
 135 0058 01       		.byte	1
 136 0059 03       		.byte	3
 137 005a 00       		.byte	0
 138 005b F2       		.byte	-14
 139 005c 01       		.byte	1
 140 005d 08       		.byte	8
 141 005e 01       		.byte	1
 142 005f 06       		.byte	6
 143 0060 00       		.byte	0
 144 0061 F7       		.byte	-9
 145 0062 01       		.byte	1
 146 0063 28       		.byte	40
 147 0064 01       		.byte	1
 148 0065 8C       		.byte	-116
 149 0066 01       		.byte	1
 150 0067 05       		.byte	5
 151 0068 00       		.byte	0
 152 0069 AF       		.byte	-81
 153 006a 02       		.byte	2
 154 006b 00       		.byte	0
 155              		.section	.text.fb_ssd1783_send_cmdlist,"ax",%progbits
 156              		.align	2
 158              	fb_ssd1783_send_cmdlist:
 159              	.LFB15:
 160              		.file 1 "fb/fb_ssd1783.c"
   1:fb/fb_ssd1783.c **** /* Framebuffer implementation - SSD1783 LCD driver for C155 */
   2:fb/fb_ssd1783.c **** /* Based on ssd1783.c by Steve Markgraf and Harald Welte */
   3:fb/fb_ssd1783.c **** 
   4:fb/fb_ssd1783.c **** /* (C) 2010 by Christian Vogel <vogelchr@vogel.cx>
   5:fb/fb_ssd1783.c ****  *
   6:fb/fb_ssd1783.c ****  * All Rights Reserved
   7:fb/fb_ssd1783.c ****  *
   8:fb/fb_ssd1783.c ****  * This program is free software; you can redistribute it and/or modify
   9:fb/fb_ssd1783.c ****  * it under the terms of the GNU General Public License as published by
  10:fb/fb_ssd1783.c ****  * the Free Software Foundation; either version 2 of the License, or
  11:fb/fb_ssd1783.c ****  * (at your option) any later version.
  12:fb/fb_ssd1783.c ****  *
  13:fb/fb_ssd1783.c ****  * This program is distributed in the hope that it will be useful,
  14:fb/fb_ssd1783.c ****  * but WITHOUT ANY WARRANTY; without even the implied warranty of
  15:fb/fb_ssd1783.c ****  * MERCHANTABILITY or FITNESS FOR A PARTICULAR PURPOSE.  See the
  16:fb/fb_ssd1783.c ****  * GNU General Public License for more details.
  17:fb/fb_ssd1783.c ****  *
  18:fb/fb_ssd1783.c ****  * You should have received a copy of the GNU General Public License along
  19:fb/fb_ssd1783.c ****  * with this program; if not, write to the Free Software Foundation, Inc.,
  20:fb/fb_ssd1783.c ****  * 51 Franklin Street, Fifth Floor, Boston, MA 02110-1301 USA.
  21:fb/fb_ssd1783.c ****  *
  22:fb/fb_ssd1783.c ****  */
  23:fb/fb_ssd1783.c **** 
  24:fb/fb_ssd1783.c **** #include <fb/framebuffer.h>
  25:fb/fb_ssd1783.c **** #include <fb/fb_rgb332.h>
  26:fb/fb_ssd1783.c **** 
  27:fb/fb_ssd1783.c **** #include <stdint.h>
  28:fb/fb_ssd1783.c **** #include <stdio.h>
  29:fb/fb_ssd1783.c **** #include <delay.h>
  30:fb/fb_ssd1783.c **** #include <uwire.h>
  31:fb/fb_ssd1783.c **** #include <calypso/clock.h>
  32:fb/fb_ssd1783.c **** 
  33:fb/fb_ssd1783.c **** #define SSD1783_WIDTH		98
  34:fb/fb_ssd1783.c **** #define SSD1783_HEIGHT		67
  35:fb/fb_ssd1783.c **** #define SSD1783_UWIRE_BITLEN 	9
  36:fb/fb_ssd1783.c **** #define SSD1783_DEV_ID		0
  37:fb/fb_ssd1783.c **** 
  38:fb/fb_ssd1783.c **** #define LCD_TOP_FREE_ROWS	3
  39:fb/fb_ssd1783.c **** #define LCD_LEFT_FREE_COLS	0
  40:fb/fb_ssd1783.c **** #define	PIXEL_BYTES		3
  41:fb/fb_ssd1783.c **** #define FONT_HEIGHT		8
  42:fb/fb_ssd1783.c **** #define FONT_WIDTH		8
  43:fb/fb_ssd1783.c **** 
  44:fb/fb_ssd1783.c **** static uint8_t fb_ssd1783_mem[SSD1783_WIDTH * SSD1783_HEIGHT];
  45:fb/fb_ssd1783.c **** 
  46:fb/fb_ssd1783.c **** enum ssd1783_cmdflag { CMD, DATA, END };
  47:fb/fb_ssd1783.c **** 
  48:fb/fb_ssd1783.c **** struct ssd1783_cmdlist {
  49:fb/fb_ssd1783.c **** 	enum ssd1783_cmdflag is_cmd:8;	/* 1: is a command, 0: is data, 2: end marker! */
  50:fb/fb_ssd1783.c **** 	uint8_t data;  			/* 8 bit to send to LC display */
  51:fb/fb_ssd1783.c **** } __attribute__((packed));
  52:fb/fb_ssd1783.c **** 
  53:fb/fb_ssd1783.c **** static const struct ssd1783_cmdlist
  54:fb/fb_ssd1783.c **** ssd1783_initdata[] = {
  55:fb/fb_ssd1783.c **** 	{ CMD,  0xD1 }, /* CMD   set internal oscillator on */
  56:fb/fb_ssd1783.c **** 	{ CMD,  0x94 }, /* CMD   leave sleep mode */
  57:fb/fb_ssd1783.c **** 	{ CMD,  0xbb }, /* CMD   Set COM Output Scan Direction: */
  58:fb/fb_ssd1783.c **** 	{ DATA, 0x01 }, /* DATA: 01: COM0-79, then COM159-80 */
  59:fb/fb_ssd1783.c **** /* -------- DIFFERENT FROM ORIGINAL CODE: -------------- */
  60:fb/fb_ssd1783.c **** /* we use 8bit per pixel packed RGB 332 */
  61:fb/fb_ssd1783.c **** 	{ CMD,  0xbc }, /* CMD   Set Data Output Scan Direction */
  62:fb/fb_ssd1783.c **** 	{ DATA, 0x00 }, /* DATA: column scan, normal rotation, normal display */
  63:fb/fb_ssd1783.c **** 	{ DATA, 0x00 }, /* DATA: RGB color arrangement R G B R G B ... */
  64:fb/fb_ssd1783.c **** /*-->*/ { DATA, 0x01 }, /* DATA: 8 bit per pixel mode MSB <RRRGGGBB> LSB */
  65:fb/fb_ssd1783.c **** /* --------- /DIFFERENT ---------- */
  66:fb/fb_ssd1783.c **** 	{ CMD,  0xce }, /* CMD   Set 256 Color Look Up Table LUT */
  67:fb/fb_ssd1783.c **** 	{ DATA, 0x00 },	/* DATA red 000 */
  68:fb/fb_ssd1783.c **** 	{ DATA, 0x03 },	/* DATA red 001 */
  69:fb/fb_ssd1783.c **** 	{ DATA, 0x05 },	/* DATA red 010 */
  70:fb/fb_ssd1783.c **** 	{ DATA, 0x07 },	/* DATA red 011 */
  71:fb/fb_ssd1783.c **** 	{ DATA, 0x09 },	/* DATA red 100 */
  72:fb/fb_ssd1783.c **** 	{ DATA, 0x0b },	/* DATA red 101 */
  73:fb/fb_ssd1783.c **** 	{ DATA, 0x0d },	/* DATA red 110 */
  74:fb/fb_ssd1783.c **** 	{ DATA, 0x0f },	/* DATA red 111 */
  75:fb/fb_ssd1783.c **** 	{ DATA, 0x00 },	/* DATA green 000 */
  76:fb/fb_ssd1783.c **** 	{ DATA, 0x03 },	/* DATA green 001 */
  77:fb/fb_ssd1783.c **** 	{ DATA, 0x05 },	/* DATA green 010 */
  78:fb/fb_ssd1783.c **** 	{ DATA, 0x07 },	/* DATA green 011 */
  79:fb/fb_ssd1783.c **** 	{ DATA, 0x09 },	/* DATA green 100 */
  80:fb/fb_ssd1783.c **** 	{ DATA, 0x0b },	/* DATA green 101 */
  81:fb/fb_ssd1783.c **** 	{ DATA, 0x0d },	/* DATA green 110 */
  82:fb/fb_ssd1783.c **** 	{ DATA, 0x0f },	/* DATA green 111 */
  83:fb/fb_ssd1783.c **** 	{ DATA, 0x00 },	/* DATA blue 00 */
  84:fb/fb_ssd1783.c **** 	{ DATA, 0x05 },	/* DATA blue 01 */
  85:fb/fb_ssd1783.c **** 	{ DATA, 0x0a },	/* DATA blue 10 */
  86:fb/fb_ssd1783.c **** 	{ DATA, 0x0f },	/* DATA blue 11 */
  87:fb/fb_ssd1783.c **** 	{ CMD,  0xca }, /* CMD   Set Display Control - Driver Duty Selection */
  88:fb/fb_ssd1783.c **** 	{ DATA, 0xff }, // can't find description of the values in the original
  89:fb/fb_ssd1783.c **** 	{ DATA, 0x10 }, // display/ssd1783.c in my datasheet :-(
  90:fb/fb_ssd1783.c **** 	{ DATA, 0x01 }, //
  91:fb/fb_ssd1783.c **** 	{ CMD,  0xab }, /* CMD   Set Scroll Start */
  92:fb/fb_ssd1783.c **** 	{ DATA, 0x00 }, /* DATA: Starting address at block 0 */
  93:fb/fb_ssd1783.c **** 	{ CMD,  0x20 }, /* CMD   Set power control register */
  94:fb/fb_ssd1783.c **** 	{ DATA, 0x0b }, /* DATA: booster 6x, reference gen. & int regulator */
  95:fb/fb_ssd1783.c **** 	{ CMD,  0x81 }, /* CMD   Contrast Lvl & Int. Regul. Resistor Ratio */
  96:fb/fb_ssd1783.c **** 	{ DATA, 0x29 }, /* DATA: contrast = 0x29 */
  97:fb/fb_ssd1783.c **** 	{ DATA, 0x05 }, /* DATA: 0x05 = 0b101 -> 1+R2/R1 = 11.37 */
  98:fb/fb_ssd1783.c **** 	{ CMD,  0xa7 }, /* CMD   Invert Display */
  99:fb/fb_ssd1783.c **** 	{ CMD,  0x82 }, /* CMD   Set Temperature Compensation Coefficient */
 100:fb/fb_ssd1783.c **** 	{ DATA, 0x00 }, /* DATA: Gradient is -0.10 % / degC */
 101:fb/fb_ssd1783.c **** 	{ CMD,  0xfb }, /* CMD   Set Biasing Ratio */
 102:fb/fb_ssd1783.c **** 	{ DATA, 0x03 }, /* DATA: 1/10 bias */
 103:fb/fb_ssd1783.c **** 	{ CMD,  0xf2 }, /* CMD   Set Frame Frequency and N-line inversion */
 104:fb/fb_ssd1783.c **** 	{ DATA, 0x08 }, /* DATA: 75 Hz (POR) */
 105:fb/fb_ssd1783.c **** 	{ DATA, 0x06 }, /* DATA: n-line inversion: 6 lines */
 106:fb/fb_ssd1783.c **** 	{ CMD,  0xf7 }, /* CMD   Select PWM/FRC Select Full Col./8col mode */
 107:fb/fb_ssd1783.c **** 	{ DATA, 0x28 }, /* DATA: always 0x28 */
 108:fb/fb_ssd1783.c **** 	{ DATA, 0x8c }, /* DATA: 4bit PWM + 2 bit FRC */
 109:fb/fb_ssd1783.c **** 	{ DATA, 0x05 }, /* DATA: full color mode */
 110:fb/fb_ssd1783.c **** 	{ CMD,  0xaf }, /* CMD   Display On */
 111:fb/fb_ssd1783.c **** 	{ END,  0x00 }, /* MARKER: end of list */
 112:fb/fb_ssd1783.c **** };
 113:fb/fb_ssd1783.c **** 
 114:fb/fb_ssd1783.c **** static void
 115:fb/fb_ssd1783.c **** fb_ssd1783_send_cmdlist(const struct ssd1783_cmdlist *p){
 161              		.loc 1 115 0
 162              		@ args = 0, pretend = 0, frame = 4
 163              		@ frame_needed = 0, uses_anonymous_args = 0
 164              	.LVL0:
 165 0000 10402DE9 		stmfd	sp!, {r4, lr}
 166              	.LCFI0:
 167 0004 0040A0E1 		mov	r4, r0
 168 0008 04D04DE2 		sub	sp, sp, #4
 169              	.LCFI1:
 170              	.LVL1:
 171 000c 090000EA 		b	.L2
 172              	.LVL2:
 173              	.L3:
 174              	.LBB2:
 116:fb/fb_ssd1783.c **** 	int i=0;
 117:fb/fb_ssd1783.c **** 	while(p->is_cmd != END){
 118:fb/fb_ssd1783.c **** 		uint16_t sendcmd = p->data;
 175              		.loc 1 118 0
 176 0010 01C0D4E5 		ldrb	ip, [r4, #1]	@ zero_extendqisi2
 119:fb/fb_ssd1783.c **** 		if(p->is_cmd == DATA)
 177              		.loc 1 119 0
 178 0014 01005EE3 		cmp	lr, #1
 120:fb/fb_ssd1783.c **** 			sendcmd |= 0x0100; /* 9th bit is cmd/data flag */
 179              		.loc 1 120 0
 180 0018 01EC8CE3 		orr	lr, ip, #256
 181              		.loc 1 118 0
 182 001c B2C0CDE1 		strh	ip, [sp, #2]	@ movhi
 121:fb/fb_ssd1783.c **** 		uwire_xfer(SSD1783_DEV_ID, SSD1783_UWIRE_BITLEN, &sendcmd, NULL);
 122:fb/fb_ssd1783.c **** 		p++;
 183              		.loc 1 122 0
 184 0020 024084E2 		add	r4, r4, #2
 185              		.loc 1 120 0
 186 0024 B2E0CD01 		streqh	lr, [sp, #2]	@ movhi
 187              		.loc 1 121 0
 188 0028 FEFFFFEB 		bl	uwire_xfer
 189              	.LVL3:
 190              	.L2:
 191              	.LBE2:
 192              		.loc 1 117 0
 193 002c 00E0D4E5 		ldrb	lr, [r4, #0]	@ zero_extendqisi2
 194              	.LBB3:
 195              		.loc 1 121 0
 196 0030 0000A0E3 		mov	r0, #0
 197              	.LBE3:
 198              		.loc 1 117 0
 199 0034 02005EE3 		cmp	lr, #2
 200              	.LBB4:
 201              		.loc 1 121 0
 202 0038 0910A0E3 		mov	r1, #9
 203 003c 02208DE2 		add	r2, sp, #2
 204 0040 0030A0E1 		mov	r3, r0
 205              	.LBE4:
 206              		.loc 1 117 0
 207 0044 0200001A 		bne	.L3
 123:fb/fb_ssd1783.c **** 		i++;
 124:fb/fb_ssd1783.c **** 	}
 125:fb/fb_ssd1783.c **** }
 208              		.loc 1 125 0
 209 0048 04D08DE2 		add	sp, sp, #4
 210 004c 1080BDE8 		ldmfd	sp!, {r4, pc}
 211              	.LFE15:
 213              		.section	.rodata
 214              		.align	2
 217              	__FUNCTION__.1677:
 218 006c 66625F73 		.ascii	"fb_ssd1783_init\000"
 218      73643137 
 218      38335F69 
 218      6E697400 
 219              		.section	.rodata.str1.4,"aMS",%progbits,1
 220              		.align	2
 221              	.LC0:
 222 0000 25733A20 		.ascii	"%s: initializing LCD.\012\000"
 222      696E6974 
 222      69616C69 
 222      7A696E67 
 222      204C4344 
 223              		.section	.text.fb_ssd1783_init,"ax",%progbits
 224              		.align	2
 226              	fb_ssd1783_init:
 227              	.LFB16:
 126:fb/fb_ssd1783.c **** 
 127:fb/fb_ssd1783.c **** static void
 128:fb/fb_ssd1783.c **** fb_ssd1783_init(void){
 228              		.loc 1 128 0
 229              		@ args = 0, pretend = 0, frame = 0
 230              		@ frame_needed = 0, uses_anonymous_args = 0
 231              	.LVL4:
 232 0000 04E02DE5 		str	lr, [sp, #-4]!
 233              	.LCFI2:
 129:fb/fb_ssd1783.c **** 	printf("%s: initializing LCD.\n",__FUNCTION__);
 234              		.loc 1 129 0
 235 0004 30109FE5 		ldr	r1, .L10
 236 0008 30009FE5 		ldr	r0, .L10+4
 237 000c FEFFFFEB 		bl	printf
 130:fb/fb_ssd1783.c **** 	calypso_reset_set(RESET_EXT, 0);
 238              		.loc 1 130 0
 239 0010 0010A0E3 		mov	r1, #0
 240 0014 0400A0E3 		mov	r0, #4
 241 0018 FEFFFFEB 		bl	calypso_reset_set
 131:fb/fb_ssd1783.c **** 	delay_ms(5);
 242              		.loc 1 131 0
 243 001c 0500A0E3 		mov	r0, #5
 244 0020 FEFFFFEB 		bl	delay_ms
 132:fb/fb_ssd1783.c **** 	uwire_init();
 245              		.loc 1 132 0
 246 0024 FEFFFFEB 		bl	uwire_init
 133:fb/fb_ssd1783.c **** 	delay_ms(5);
 247              		.loc 1 133 0
 248 0028 0500A0E3 		mov	r0, #5
 249 002c FEFFFFEB 		bl	delay_ms
 134:fb/fb_ssd1783.c **** 	fb_ssd1783_send_cmdlist(ssd1783_initdata);
 250              		.loc 1 134 0
 251 0030 0C009FE5 		ldr	r0, .L10+8
 135:fb/fb_ssd1783.c **** }
 252              		.loc 1 135 0
 253 0034 04E09DE4 		ldr	lr, [sp], #4
 254              		.loc 1 134 0
 255 0038 FEFFFFEA 		b	fb_ssd1783_send_cmdlist
 256              	.L11:
 257              		.align	2
 258              	.L10:
 259 003c 6C000000 		.word	__FUNCTION__.1677
 260 0040 00000000 		.word	.LC0
 261 0044 00000000 		.word	ssd1783_initdata
 262              	.LFE16:
 264              		.section	.rodata
 265              		.align	2
 268              	__FUNCTION__.1702:
 269 007c 66625F73 		.ascii	"fb_ssd1783_flush\000"
 269      73643137 
 269      38335F66 
 269      6C757368 
 269      00
 272              	C.15.1723:
 273 008d 00       		.byte	0
 274 008e 25       		.byte	37
 275 008f 02       		.byte	2
 276 0090 00       		.byte	0
 277 0091 000000   		.section	.rodata.str1.4
 278 0017 00       		.align	2
 279              	.LC1:
 280 0018 25733A20 		.ascii	"%s: no damage\012\000"
 280      6E6F2064 
 280      616D6167 
 280      650A00
 281 0027 00       		.section	.text.fb_ssd1783_flush,"ax",%progbits
 282              		.align	2
 284              	fb_ssd1783_flush:
 285              	.LFB18:
 136:fb/fb_ssd1783.c **** 
 137:fb/fb_ssd1783.c **** /* somehow the palette is messed up, RRR seems to have the
 138:fb/fb_ssd1783.c ****    bits reversed!  R0 R1 R2 G G G B B ---> R2 R1 R0 G G G B B */
 139:fb/fb_ssd1783.c **** static uint8_t fix_rrr(uint8_t v){
 140:fb/fb_ssd1783.c **** 	return (v & 0x5f) | (v & 0x80) >> 2 | (v & 0x20) << 2;
 141:fb/fb_ssd1783.c **** }
 142:fb/fb_ssd1783.c **** 
 143:fb/fb_ssd1783.c **** static void
 144:fb/fb_ssd1783.c **** fb_ssd1783_flush(void){
 286              		.loc 1 144 0
 287              		@ args = 0, pretend = 0, frame = 24
 288              		@ frame_needed = 0, uses_anonymous_args = 0
 289              	.LVL5:
 290 0000 F0452DE9 		stmfd	sp!, {r4, r5, r6, r7, r8, sl, lr}
 291              	.LCFI3:
 145:fb/fb_ssd1783.c **** 	int x,y;
 146:fb/fb_ssd1783.c **** 	uint8_t *p;
 147:fb/fb_ssd1783.c **** 	struct ssd1783_cmdlist prepare_disp_write_cmds[] = {
 148:fb/fb_ssd1783.c **** 		{ CMD,  0x15 },			 /*  set column address */
 149:fb/fb_ssd1783.c **** 		{ DATA, fb_rgb332->damage_x1 },
 150:fb/fb_ssd1783.c **** 		{ DATA, fb_rgb332->damage_x2-1 },
 151:fb/fb_ssd1783.c **** 		{ CMD,  0x75 },			 /*  set page address (Y) */
 152:fb/fb_ssd1783.c **** 		{ DATA, fb_rgb332->damage_y1 },
 153:fb/fb_ssd1783.c **** 		{ DATA, fb_rgb332->damage_y2-1 },
 154:fb/fb_ssd1783.c **** 		{ CMD,  0x5c },			 /* enter write display ram mode */
 155:fb/fb_ssd1783.c **** 		{ END,  0x00 }
 156:fb/fb_ssd1783.c **** 	};
 292              		.loc 1 156 0
 293 0004 78A19FE5 		ldr	sl, .L24
 294 0008 00809AE5 		ldr	r8, [sl, #0]
 295              		.loc 1 144 0
 296 000c 18D04DE2 		sub	sp, sp, #24
 297              	.LCFI4:
 298              	.LVL6:
 299              		.loc 1 156 0
 300 0010 1530A0E3 		mov	r3, #21
 301 0014 08C0D8E5 		ldrb	ip, [r8, #8]	@ zero_extendqisi2
 302 0018 0A40D8E5 		ldrb	r4, [r8, #10]	@ zero_extendqisi2
 303 001c 0460D8E5 		ldrb	r6, [r8, #4]	@ zero_extendqisi2
 304 0020 0670D8E5 		ldrb	r7, [r8, #6]	@ zero_extendqisi2
 305 0024 0330CDE5 		strb	r3, [sp, #3]
 306 0028 603083E2 		add	r3, r3, #96
 307 002c 0930CDE5 		strb	r3, [sp, #9]
 308 0030 5C30A0E3 		mov	r3, #92
 309 0034 01E0A0E3 		mov	lr, #1
 310 0038 0050A0E3 		mov	r5, #0
 311 003c 01C04CE2 		sub	ip, ip, #1
 157:fb/fb_ssd1783.c **** 	struct ssd1783_cmdlist nop[] = {
 158:fb/fb_ssd1783.c **** 		{ CMD, 0x25 }, // NOP command
 159:fb/fb_ssd1783.c **** 		{ END, 0x00 }
 160:fb/fb_ssd1783.c **** 	};
 312              		.loc 1 160 0
 313 0040 0420A0E3 		mov	r2, #4
 314              		.loc 1 156 0
 315 0044 0F30CDE5 		strb	r3, [sp, #15]
 316 0048 014044E2 		sub	r4, r4, #1
 317 004c 0230A0E3 		mov	r3, #2
 318              		.loc 1 160 0
 319 0050 12008DE2 		add	r0, sp, #18
 320 0054 2C119FE5 		ldr	r1, .L24+4
 321              		.loc 1 156 0
 322 0058 1030CDE5 		strb	r3, [sp, #16]
 323 005c 0560CDE5 		strb	r6, [sp, #5]
 324 0060 07C0CDE5 		strb	ip, [sp, #7]
 325 0064 0B70CDE5 		strb	r7, [sp, #11]
 326 0068 0CE0CDE5 		strb	lr, [sp, #12]
 327 006c 0D40CDE5 		strb	r4, [sp, #13]
 328 0070 1150CDE5 		strb	r5, [sp, #17]
 329 0074 0250CDE5 		strb	r5, [sp, #2]
 330 0078 04E0CDE5 		strb	lr, [sp, #4]
 331 007c 06E0CDE5 		strb	lr, [sp, #6]
 332 0080 0850CDE5 		strb	r5, [sp, #8]
 333 0084 0AE0CDE5 		strb	lr, [sp, #10]
 334 0088 0E50CDE5 		strb	r5, [sp, #14]
 335              		.loc 1 160 0
 336 008c FEFFFFEB 		bl	memcpy
 161:fb/fb_ssd1783.c **** 
 162:fb/fb_ssd1783.c **** 	/* If everything's clean, just return */
 163:fb/fb_ssd1783.c **** 	if(fb_rgb332->damage_x1 == fb_rgb332->damage_x2 ||
 337              		.loc 1 163 0
 338 0090 B420D8E1 		ldrh	r2, [r8, #4]
 339 0094 B830D8E1 		ldrh	r3, [r8, #8]
 340 0098 030052E1 		cmp	r2, r3
 341 009c 2A00000A 		beq	.L13
 342 00a0 BA20D8E1 		ldrh	r2, [r8, #10]
 343 00a4 B630D8E1 		ldrh	r3, [r8, #6]
 344 00a8 020053E1 		cmp	r3, r2
 345 00ac 2E00001A 		bne	.L15
 346              	.L13:
 164:fb/fb_ssd1783.c **** 		fb_rgb332->damage_y1 == fb_rgb332->damage_y2){
 165:fb/fb_ssd1783.c **** 			printf("%s: no damage\n",__FUNCTION__);
 347              		.loc 1 165 0
 348 00b0 D4109FE5 		ldr	r1, .L24+8
 349 00b4 D4009FE5 		ldr	r0, .L24+12
 350 00b8 FEFFFFEB 		bl	printf
 351 00bc 5D0000EA 		b	.L23
 352              	.L15:
 166:fb/fb_ssd1783.c **** 			return;
 167:fb/fb_ssd1783.c **** 	}
 168:fb/fb_ssd1783.c **** 
 169:fb/fb_ssd1783.c **** 	fb_ssd1783_send_cmdlist(prepare_disp_write_cmds);
 353              		.loc 1 169 0
 354 00c0 02008DE2 		add	r0, sp, #2
 355 00c4 FEFFFFEB 		bl	fb_ssd1783_send_cmdlist
 170:fb/fb_ssd1783.c **** 
 171:fb/fb_ssd1783.c **** 	for(y=fb_rgb332->damage_y1;y<fb_rgb332->damage_y2;y++){
 356              		.loc 1 171 0
 357 00c8 00309AE5 		ldr	r3, [sl, #0]
 358 00cc B670D3E1 		ldrh	r7, [r3, #6]
 359              	.LVL7:
 360 00d0 500000EA 		b	.L17
 361              	.LVL8:
 362              	.L18:
 172:fb/fb_ssd1783.c **** 		p = & fb_rgb332->mem[y * framebuffer->width]; // start of line
 363              		.loc 1 172 0
 364 00d4 B8309FE5 		ldr	r3, .L24+16
 365 00d8 003093E5 		ldr	r3, [r3, #0]
 366 00dc B022D3E1 		ldrh	r2, [r3, #32]
 367 00e0 003091E5 		ldr	r3, [r1, #0]
 368 00e4 923723E0 		mla	r3, r2, r7, r3
 369              	.LVL9:
 173:fb/fb_ssd1783.c **** 		p += fb_rgb332->damage_x1; // start of damage area
 370              		.loc 1 173 0
 371 00e8 B450D1E1 		ldrh	r5, [r1, #4]
 174:fb/fb_ssd1783.c **** 
 175:fb/fb_ssd1783.c **** 		for(x=fb_rgb332->damage_x1;x<fb_rgb332->damage_x2;x++){
 372              		.loc 1 175 0
 373 00ec 056083E0 		add	r6, r3, r5
 374 00f0 440000EA 		b	.L19
 375              	.LVL10:
 376              	.L20:
 377 00f4 01C056E5 		ldrb	ip, [r6, #-1]	@ zero_extendqisi2
 378              	.LBB5:
 176:fb/fb_ssd1783.c **** 			uint16_t data = 0x0100 | fix_rrr(*p++); // dummy data
 379              		.loc 1 176 0
 380 00f8 5FE00CE2 		and	lr, ip, #95
 381 00fc 80400CE2 		and	r4, ip, #128
 382 0100 24E18EE1 		orr	lr, lr, r4, lsr #2
 383 0104 20C00CE2 		and	ip, ip, #32
 384 0108 0CE18EE1 		orr	lr, lr, ip, asl #2
 385 010c 01EC8EE3 		orr	lr, lr, #256
 386 0110 B2E062E1 		strh	lr, [r2, #-2]!	@ movhi
 177:fb/fb_ssd1783.c **** 			uwire_xfer(SSD1783_DEV_ID, SSD1783_UWIRE_BITLEN,
 387              		.loc 1 177 0
 388 0114 FEFFFFEB 		bl	uwire_xfer
 389              	.LVL11:
 390              	.L19:
 391              	.LBE5:
 392              		.loc 1 175 0
 393 0118 64C09FE5 		ldr	ip, .L24
 394 011c 00C09CE5 		ldr	ip, [ip, #0]
 395 0120 B8C0DCE1 		ldrh	ip, [ip, #8]
 396              	.LBB6:
 397              		.loc 1 177 0
 398 0124 0000A0E3 		mov	r0, #0
 399              	.LBE6:
 400              		.loc 1 175 0
 401 0128 0C0055E1 		cmp	r5, ip
 402              	.LBB7:
 403              		.loc 1 176 0
 404 012c 18208DE2 		add	r2, sp, #24
 405              		.loc 1 177 0
 406 0130 0910A0E3 		mov	r1, #9
 407 0134 0030A0E1 		mov	r3, r0
 408              	.LVL12:
 409              	.LBE7:
 410              		.loc 1 175 0
 411 0138 015085E2 		add	r5, r5, #1
 412 013c 016086E2 		add	r6, r6, #1
 413 0140 3B0000BA 		blt	.L20
 414              		.loc 1 171 0
 415 0144 017087E2 		add	r7, r7, #1
 416              	.L17:
 417 0148 34409FE5 		ldr	r4, .L24
 418 014c 001094E5 		ldr	r1, [r4, #0]
 419 0150 BA30D1E1 		ldrh	r3, [r1, #10]
 420 0154 030057E1 		cmp	r7, r3
 421 0158 330000BA 		blt	.L18
 178:fb/fb_ssd1783.c **** 					&data, NULL);
 179:fb/fb_ssd1783.c **** 		}
 180:fb/fb_ssd1783.c **** 	}
 181:fb/fb_ssd1783.c **** 	fb_ssd1783_send_cmdlist(nop);
 422              		.loc 1 181 0
 423 015c 12008DE2 		add	r0, sp, #18
 424 0160 FEFFFFEB 		bl	fb_ssd1783_send_cmdlist
 182:fb/fb_ssd1783.c **** 
 183:fb/fb_ssd1783.c **** 	fb_rgb332->damage_x1 = fb_rgb332->damage_x2 = 0;
 425              		.loc 1 183 0
 426 0164 003094E5 		ldr	r3, [r4, #0]
 184:fb/fb_ssd1783.c **** 	fb_rgb332->damage_y1 = fb_rgb332->damage_y2 = 0;
 427              		.loc 1 184 0
 428 0168 0020A0E3 		mov	r2, #0	@ movhi
 429 016c B620C3E1 		strh	r2, [r3, #6]	@ movhi
 430              		.loc 1 183 0
 431 0170 B820C3E1 		strh	r2, [r3, #8]	@ movhi
 432 0174 B420C3E1 		strh	r2, [r3, #4]	@ movhi
 433              		.loc 1 184 0
 434 0178 BA20C3E1 		strh	r2, [r3, #10]	@ movhi
 435              	.L23:
 185:fb/fb_ssd1783.c **** }
 436              		.loc 1 185 0
 437 017c 18D08DE2 		add	sp, sp, #24
 438 0180 F085BDE8 		ldmfd	sp!, {r4, r5, r6, r7, r8, sl, pc}
 439              	.L25:
 440              		.align	2
 441              	.L24:
 442 0184 00000000 		.word	fb_rgb332
 443 0188 8D000000 		.word	C.15.1723
 444 018c 7C000000 		.word	__FUNCTION__.1702
 445 0190 18000000 		.word	.LC1
 446 0194 00000000 		.word	framebuffer
 447              	.LFE18:
 449              		.bss
 450              	fb_ssd1783_mem:
 451 0000 00000000 		.space	6566
 451      00000000 
 451      00000000 
 451      00000000 
 451      00000000 
 536              	.Letext0:
DEFINED SYMBOLS
                            *ABS*:0000000000000000 fb_ssd1783.c
     /tmp/ccHntNlM.s:15     .data:0000000000000000 fb_rgb332
     /tmp/ccHntNlM.s:16     .data:0000000000000000 $d
     /tmp/ccHntNlM.s:20     .data:0000000000000004 fb_ssd1783_rgb332
     /tmp/ccHntNlM.s:450    .bss:0000000000000000 fb_ssd1783_mem
     /tmp/ccHntNlM.s:27     .data:0000000000000010 framebuffer
     /tmp/ccHntNlM.s:32     .data:0000000000000014 fb_ssd1783_framebuffer
     /tmp/ccHntNlM.s:226    .text.fb_ssd1783_init:0000000000000000 fb_ssd1783_init
     /tmp/ccHntNlM.s:284    .text.fb_ssd1783_flush:0000000000000000 fb_ssd1783_flush
     /tmp/ccHntNlM.s:46     .rodata:0000000000000000 ssd1783_initdata
     /tmp/ccHntNlM.s:158    .text.fb_ssd1783_send_cmdlist:0000000000000000 fb_ssd1783_send_cmdlist
     /tmp/ccHntNlM.s:165    .text.fb_ssd1783_send_cmdlist:0000000000000000 $a
     /tmp/ccHntNlM.s:217    .rodata:000000000000006c __FUNCTION__.1677
     /tmp/ccHntNlM.s:232    .text.fb_ssd1783_init:0000000000000000 $a
     /tmp/ccHntNlM.s:259    .text.fb_ssd1783_init:000000000000003c $d
     /tmp/ccHntNlM.s:268    .rodata:000000000000007c __FUNCTION__.1702
     /tmp/ccHntNlM.s:272    .rodata:000000000000008d C.15.1723
     /tmp/ccHntNlM.s:290    .text.fb_ssd1783_flush:0000000000000000 $a
     /tmp/ccHntNlM.s:442    .text.fb_ssd1783_flush:0000000000000184 $d

UNDEFINED SYMBOLS
fb_rgb332_clear
fb_rgb332_boxto
fb_rgb332_lineto
fb_rgb332_putstr
uwire_xfer
printf
calypso_reset_set
delay_ms
uwire_init
memcpy
